<?xml version="1.0" encoding="UTF-8"?>
<!-- Generated by org.testng.reporters.JUnitReportReporter -->
<testsuite hostname="Access-HYSTXD3" failures="0" tests="2" name="api.test.UserTests" time="2.306" errors="0" timestamp="2023-04-24T01:02:33 CEST" skipped="0">
  <testcase classname="api.test.UserTests" name="testPostUser" time="1.742"/>
  <system-out/>
  <testcase classname="api.test.UserTests" name="testPostUser2" time="0.564"/>
  <system-out/>
</testsuite> <!-- api.test.UserTests -->
